app/build/outputs/logs/manifest-merger-debug-report.txt
-- Merging decision tree log ---
manifest
ADDED from src/main/AndroidManifest.xml:17:1-277:12
	package
		ADDED from src/main/AndroidManifest.xml:18:9-35
		INJECTED from src/main/AndroidManifest.xml
		INJECTED from src/main/AndroidManifest.xml
	xmlns:android
		ADDED from src/main/AndroidManifest.xml:17:11-69
original-package
ADDED from src/main/AndroidManifest.xml:20:5-57
	android:name
		ADDED from src/main/AndroidManifest.xml:20:23-54
uses-sdk
ADDED from src/main/AndroidManifest.xml:21:5-43
	android:minSdkVersion
		ADDED from src/main/AndroidManifest.xml:21:15-40
uses-permission#android.permission.WRITE_SETTINGS
ADDED from src/main/AndroidManifest.xml:22:5-73
	android:name
		ADDED from src/main/AndroidManifest.xml:22:22-70
uses-permission#android.permission.SYSTEM_ALERT_WINDOW
ADDED from src/main/AndroidManifest.xml:23:5-78
	android:name
		ADDED from src/main/AndroidManifest.xml:23:22-75
uses-permission#android.permission.WAKE_LOCK
ADDED from src/main/AndroidManifest.xml:24:5-68
	android:name
		ADDED from src/main/AndroidManifest.xml:24:22-65
uses-permission#android.permission.INTERNET
ADDED from src/main/AndroidManifest.xml:25:5-67
	android:name
		ADDED from src/main/AndroidManifest.xml:25:22-64
uses-permission#android.permission.READ_PHONE_STATE
ADDED from src/main/AndroidManifest.xml:26:5-75
	android:name
		ADDED from src/main/AndroidManifest.xml:26:22-72
uses-permission#android.permission.READ_EXTERNAL_STORAGE
ADDED from src/main/AndroidManifest.xml:27:5-80
	android:name
		ADDED from src/main/AndroidManifest.xml:27:22-77
uses-permission#android.permission.WRITE_EXTERNAL_STORAGE
ADDED from src/main/AndroidManifest.xml:28:5-81
	android:name
		ADDED from src/main/AndroidManifest.xml:28:22-78
uses-permission#android.permission.BROADCAST_STICKY
ADDED from src/main/AndroidManifest.xml:29:5-75
	android:name
		ADDED from src/main/AndroidManifest.xml:29:22-72
application
ADDED from src/main/AndroidManifest.xml:31:5-276:19
	android:label
		ADDED from src/main/AndroidManifest.xml:32:9-50
	android:icon
		ADDED from src/main/AndroidManifest.xml:31:18-52
	android:theme
		ADDED from src/main/AndroidManifest.xml:34:9-40
	android:taskAffinity
		ADDED from src/main/AndroidManifest.xml:33:9-50
meta-data#android.app.default_searchable
ADDED from src/main/AndroidManifest.xml:35:9-38:11
	android:value
		ADDED from src/main/AndroidManifest.xml:37:13-67
	android:name
		ADDED from src/main/AndroidManifest.xml:36:13-58
activity#com.android.music.MusicBrowserActivity
ADDED from src/main/AndroidManifest.xml:39:9-49:20
	android:exported
		ADDED from src/main/AndroidManifest.xml:41:13-36
	android:theme
		ADDED from src/main/AndroidManifest.xml:40:13-44
	android:name
		ADDED from src/main/AndroidManifest.xml:39:19-72
intent-filter#android.intent.action.MAIN+android.intent.action.MUSIC_PLAYER+android.intent.category.DEFAULT+android.intent.category.LAUNCHER
ADDED from src/main/AndroidManifest.xml:43:13-48:29
action#android.intent.action.MAIN
ADDED from src/main/AndroidManifest.xml:44:17-69
	android:name
		ADDED from src/main/AndroidManifest.xml:44:25-66
action#android.intent.action.MUSIC_PLAYER
ADDED from src/main/AndroidManifest.xml:45:17-77
	android:name
		ADDED from src/main/AndroidManifest.xml:45:25-74
category#android.intent.category.DEFAULT
ADDED from src/main/AndroidManifest.xml:46:17-76
	android:name
		ADDED from src/main/AndroidManifest.xml:46:27-73
category#android.intent.category.LAUNCHER
ADDED from src/main/AndroidManifest.xml:47:17-77
	android:name
		ADDED from src/main/AndroidManifest.xml:47:27-74
receiver#com.android.music.MediaButtonIntentReceiver
ADDED from src/main/AndroidManifest.xml:50:9-55:20
	android:name
		ADDED from src/main/AndroidManifest.xml:50:19-77
intent-filter#android.intent.action.MEDIA_BUTTON+android.media.AUDIO_BECOMING_NOISY
ADDED from src/main/AndroidManifest.xml:51:13-54:29
action#android.intent.action.MEDIA_BUTTON
ADDED from src/main/AndroidManifest.xml:52:17-77
	android:name
		ADDED from src/main/AndroidManifest.xml:52:25-74
action#android.media.AUDIO_BECOMING_NOISY
ADDED from src/main/AndroidManifest.xml:53:17-77
	android:name
		ADDED from src/main/AndroidManifest.xml:53:25-74
activity#com.android.music.MediaPlaybackActivity
ADDED from src/main/AndroidManifest.xml:67:9-89:20
	android:clearTaskOnLaunch
		ADDED from src/main/AndroidManifest.xml:72:17-49
	android:label
		ADDED from src/main/AndroidManifest.xml:69:17-59
	android:excludeFromRecents
		ADDED from src/main/AndroidManifest.xml:73:17-50
	android:launchMode
		ADDED from src/main/AndroidManifest.xml:71:17-48
	android:exported
		ADDED from src/main/AndroidManifest.xml:74:17-40
	android:theme
		ADDED from src/main/AndroidManifest.xml:68:17-48
	android:taskAffinity
		ADDED from src/main/AndroidManifest.xml:70:17-40
	android:name
		ADDED from src/main/AndroidManifest.xml:67:19-73
intent-filter#android.intent.action.VIEW+android.intent.category.DEFAULT
ADDED from src/main/AndroidManifest.xml:75:13-84:29
action#android.intent.action.VIEW
ADDED from src/main/AndroidManifest.xml:76:17-69
	android:name
		ADDED from src/main/AndroidManifest.xml:76:25-66
data
ADDED from src/main/AndroidManifest.xml:78:17-49
	android:scheme
		ADDED from src/main/AndroidManifest.xml:78:23-47
intent-filter#android.intent.category.DEFAULT+com.android.music.PLAYBACK_VIEWER
ADDED from src/main/AndroidManifest.xml:85:13-88:29
action#com.android.music.PLAYBACK_VIEWER
ADDED from src/main/AndroidManifest.xml:86:17-76
	android:name
		ADDED from src/main/AndroidManifest.xml:86:25-73
activity#com.keskin.music.AudioPreview
ADDED from src/main/AndroidManifest.xml:91:9-124:20
	android:excludeFromRecents
		ADDED from src/main/AndroidManifest.xml:93:17-50
	android:exported
		ADDED from src/main/AndroidManifest.xml:93:51-74
	android:theme
		ADDED from src/main/AndroidManifest.xml:91:47-78
	android:taskAffinity
		ADDED from src/main/AndroidManifest.xml:92:17-40
	android:name
		ADDED from src/main/AndroidManifest.xml:91:19-46
intent-filter#android.intent.action.VIEW+android.intent.category.BROWSABLE+android.intent.category.DEFAULT
ADDED from src/main/AndroidManifest.xml:103:13-112:29
category#android.intent.category.BROWSABLE
ADDED from src/main/AndroidManifest.xml:106:17-78
	android:name
		ADDED from src/main/AndroidManifest.xml:106:27-75
activity#com.android.music.ArtistAlbumBrowserActivity
ADDED from src/main/AndroidManifest.xml:126:9-132:20
	android:exported
		ADDED from src/main/AndroidManifest.xml:126:79-103
	android:name
		ADDED from src/main/AndroidManifest.xml:126:19-78
intent-filter#android.intent.action.PICK+android.intent.category.DEFAULT
ADDED from src/main/AndroidManifest.xml:127:13-131:29
action#android.intent.action.PICK
ADDED from src/main/AndroidManifest.xml:128:17-69
	android:name
		ADDED from src/main/AndroidManifest.xml:128:25-66
activity#com.android.music.AlbumBrowserActivity
ADDED from src/main/AndroidManifest.xml:133:9-139:20
	android:exported
		ADDED from src/main/AndroidManifest.xml:133:73-97
	android:name
		ADDED from src/main/AndroidManifest.xml:133:19-72
activity#com.android.music.NowPlayingActivity
ADDED from src/main/AndroidManifest.xml:140:9-146:20
	android:exported
		ADDED from src/main/AndroidManifest.xml:140:71-95
	android:name
		ADDED from src/main/AndroidManifest.xml:140:19-70
activity#com.android.music.TrackBrowserActivity
ADDED from src/main/AndroidManifest.xml:147:9-154:20
	android:exported
		ADDED from src/main/AndroidManifest.xml:147:73-97
	android:name
		ADDED from src/main/AndroidManifest.xml:147:19-72
intent-filter#android.intent.action.EDIT+android.intent.action.PICK+android.intent.category.DEFAULT
ADDED from src/main/AndroidManifest.xml:148:13-153:29
action#android.intent.action.EDIT
ADDED from src/main/AndroidManifest.xml:149:17-69
	android:name
		ADDED from src/main/AndroidManifest.xml:149:25-66
activity#com.android.music.QueryBrowserActivity
ADDED from src/main/AndroidManifest.xml:155:9-167:20
	android:exported
		ADDED from src/main/AndroidManifest.xml:157:17-40
	android:theme
		ADDED from src/main/AndroidManifest.xml:156:17-48
	android:name
		ADDED from src/main/AndroidManifest.xml:155:19-72
intent-filter#android.intent.action.MEDIA_SEARCH+android.intent.action.SEARCH+android.intent.category.DEFAULT
ADDED from src/main/AndroidManifest.xml:158:13-162:29
action#android.intent.action.SEARCH
ADDED from src/main/AndroidManifest.xml:159:17-71
	android:name
		ADDED from src/main/AndroidManifest.xml:159:25-68
action#android.intent.action.MEDIA_SEARCH
ADDED from src/main/AndroidManifest.xml:160:17-77
	android:name
		ADDED from src/main/AndroidManifest.xml:160:25-74
meta-data#android.app.searchable
ADDED from src/main/AndroidManifest.xml:163:13-166:15
	android:resource
		ADDED from src/main/AndroidManifest.xml:165:17-51
	android:name
		ADDED from src/main/AndroidManifest.xml:164:17-54
activity#com.android.music.PlaylistBrowserActivity
ADDED from src/main/AndroidManifest.xml:168:9-181:20
	android:label
		ADDED from src/main/AndroidManifest.xml:169:17-58
	android:exported
		ADDED from src/main/AndroidManifest.xml:170:17-40
	android:name
		ADDED from src/main/AndroidManifest.xml:168:19-75
activity-alias#com.android.music.PlaylistShortcutActivity
ADDED from src/main/AndroidManifest.xml:182:9-193:26
	android:label
		ADDED from src/main/AndroidManifest.xml:184:13-55
	android:exported
		ADDED from src/main/AndroidManifest.xml:186:13-36
	android:targetActivity
		ADDED from src/main/AndroidManifest.xml:183:13-79
	android:icon
		ADDED from src/main/AndroidManifest.xml:185:13-73
	android:name
		ADDED from src/main/AndroidManifest.xml:182:25-82
intent-filter#android.intent.action.CREATE_SHORTCUT+android.intent.category.DEFAULT
ADDED from src/main/AndroidManifest.xml:188:13-191:29
action#android.intent.action.CREATE_SHORTCUT
ADDED from src/main/AndroidManifest.xml:189:17-80
	android:name
		ADDED from src/main/AndroidManifest.xml:189:25-77
activity#com.android.music.VideoBrowserActivity
ADDED from src/main/AndroidManifest.xml:194:9-211:20
	android:label
		ADDED from src/main/AndroidManifest.xml:196:13-54
	android:exported
		ADDED from src/main/AndroidManifest.xml:198:13-37
	android:icon
		ADDED from src/main/AndroidManifest.xml:197:13-47
	android:taskAffinity
		ADDED from src/main/AndroidManifest.xml:195:13-54
	android:name
		ADDED from src/main/AndroidManifest.xml:194:19-72
activity#com.android.music.MediaPickerActivity
ADDED from src/main/AndroidManifest.xml:212:9-235:20
	android:label
		ADDED from src/main/AndroidManifest.xml:213:17-57
	android:exported
		ADDED from src/main/AndroidManifest.xml:213:58-82
	android:name
		ADDED from src/main/AndroidManifest.xml:212:19-71
activity#com.android.music.MusicPicker
ADDED from src/main/AndroidManifest.xml:236:9-256:20
	android:label
		ADDED from src/main/AndroidManifest.xml:237:17-59
	android:exported
		ADDED from src/main/AndroidManifest.xml:237:60-83
	android:name
		ADDED from src/main/AndroidManifest.xml:236:19-63
intent-filter#android.intent.action.GET_CONTENT+android.intent.category.DEFAULT+android.intent.category.OPENABLE
ADDED from src/main/AndroidManifest.xml:240:13-247:29
action#android.intent.action.GET_CONTENT
ADDED from src/main/AndroidManifest.xml:241:17-76
	android:name
		ADDED from src/main/AndroidManifest.xml:241:25-73
category#android.intent.category.OPENABLE
ADDED from src/main/AndroidManifest.xml:243:17-77
	android:name
		ADDED from src/main/AndroidManifest.xml:243:27-74
intent-filter#android.intent.action.PICK+android.intent.category.DEFAULT+android.intent.category.OPENABLE
ADDED from src/main/AndroidManifest.xml:250:13-255:29
activity#com.android.music.CreatePlaylist
ADDED from src/main/AndroidManifest.xml:257:9-258:72
	android:exported
		ADDED from src/main/AndroidManifest.xml:258:45-69
	android:theme
		ADDED from src/main/AndroidManifest.xml:258:13-44
	android:name
		ADDED from src/main/AndroidManifest.xml:257:19-66
activity#com.android.music.RenamePlaylist
ADDED from src/main/AndroidManifest.xml:259:9-260:72
	android:exported
		ADDED from src/main/AndroidManifest.xml:260:45-69
	android:theme
		ADDED from src/main/AndroidManifest.xml:260:13-44
	android:name
		ADDED from src/main/AndroidManifest.xml:259:19-66
activity#com.android.music.WeekSelector
ADDED from src/main/AndroidManifest.xml:261:9-262:72
	android:exported
		ADDED from src/main/AndroidManifest.xml:262:45-69
	android:theme
		ADDED from src/main/AndroidManifest.xml:262:13-44
	android:name
		ADDED from src/main/AndroidManifest.xml:261:19-64
activity#com.android.music.DeleteItems
ADDED from src/main/AndroidManifest.xml:263:9-264:72
	android:exported
		ADDED from src/main/AndroidManifest.xml:264:45-69
	android:theme
		ADDED from src/main/AndroidManifest.xml:264:13-44
	android:name
		ADDED from src/main/AndroidManifest.xml:263:19-63
activity#com.android.music.ScanningProgress
ADDED from src/main/AndroidManifest.xml:265:9-266:72
	android:exported
		ADDED from src/main/AndroidManifest.xml:266:45-69
	android:theme
		ADDED from src/main/AndroidManifest.xml:266:13-44
	android:name
		ADDED from src/main/AndroidManifest.xml:265:19-68
service#com.android.music.MediaPlaybackService
ADDED from src/main/AndroidManifest.xml:267:9-268:40
	android:exported
		ADDED from src/main/AndroidManifest.xml:268:13-37
	android:name
		ADDED from src/main/AndroidManifest.xml:267:18-71
receiver#com.android.music.MediaAppWidgetProvider
ADDED from src/main/AndroidManifest.xml:270:9-275:20
	android:name
		ADDED from src/main/AndroidManifest.xml:270:19-74
intent-filter#android.appwidget.action.APPWIDGET_UPDATE
ADDED from src/main/AndroidManifest.xml:271:13-273:29
action#android.appwidget.action.APPWIDGET_UPDATE
ADDED from src/main/AndroidManifest.xml:272:17-84
	android:name
		ADDED from src/main/AndroidManifest.xml:272:25-81
meta-data#android.appwidget.provider
ADDED from src/main/AndroidManifest.xml:274:13-107
	android:resource
		ADDED from src/main/AndroidManifest.xml:274:66-104
	android:name
		ADDED from src/main/AndroidManifest.xml:274:24-65